

Microchip MPLAB XC8 Assembler V2.40 build 20220703182018 
                                                                                               Tue Sep 20 16:06:41 2022

Microchip MPLAB XC8 C Compiler v2.40 (Free license) build 20220703182018 Og1 
     1                           	processor	18F4620
     2                           	fnconf	rparam,??,?,0
     3                           	pagewidth 120
     4                           	opt	flic
     5                           	psect	idataCOMRAM,global,class=CODE,delta=1,noexec
     6                           	psect	cinit,global,reloc=2,class=CODE,delta=1
     7                           	psect	bssCOMRAM,global,class=COMRAM,space=1,delta=1,lowdata,noexec
     8                           	psect	dataCOMRAM,global,class=COMRAM,space=1,delta=1,lowdata,noexec
     9                           	psect	cstackCOMRAM,global,class=COMRAM,space=1,delta=1,lowdata,noexec
    10                           	psect	text0,global,reloc=2,class=CODE,delta=1
    11                           	psect	text1,global,reloc=2,class=CODE,delta=1
    12                           	psect	intsave_regs,global,class=BIGRAM,space=1,delta=1,noexec
    13                           	psect	rparam,global,class=COMRAM,space=1,delta=1,noexec
    14                           	psect	idloc,global,abs,ovrld,class=IDLOC,space=5,delta=1,noexec
    15                           	psect	config,global,abs,ovrld,class=CONFIG,space=4,delta=1,noexec
    16   000000                     
    17                           ; Version 2.40
    18                           ; Generated 17/11/2021 GMT
    19                           ; 
    20                           ; Copyright © 2021, Microchip Technology Inc. and its subsidiaries ("Microchip")
    21                           ; All rights reserved.
    22                           ; 
    23                           ; This software is developed by Microchip Technology Inc. and its subsidiaries ("Microch
      +                          ip").
    24                           ; 
    25                           ; Redistribution and use in source and binary forms, with or without modification, are
    26                           ; permitted provided that the following conditions are met:
    27                           ; 
    28                           ;     1. Redistributions of source code must retain the above copyright notice, this lis
      +                          t of
    29                           ;        conditions and the following disclaimer.
    30                           ; 
    31                           ;     2. Redistributions in binary form must reproduce the above copyright notice, this 
      +                          list
    32                           ;        of conditions and the following disclaimer in the documentation and/or other
    33                           ;        materials provided with the distribution. Publication is not required when
    34                           ;        this file is used in an embedded application.
    35                           ; 
    36                           ;     3. Microchip's name may not be used to endorse or promote products derived from th
      +                          is
    37                           ;        software without specific prior written permission.
    38                           ; 
    39                           ; THIS SOFTWARE IS PROVIDED BY MICROCHIP "AS IS" AND ANY EXPRESS OR IMPLIED WARRANTIES,
    40                           ; INCLUDING, BUT NOT LIMITED TO, THE IMPLIED WARRANTIES OF MERCHANTABILITY AND FITNESS F
      +                          OR
    41                           ; PURPOSE ARE DISCLAIMED.  IN NO EVENT SHALL MICROCHIP BE LIABLE FOR ANY DIRECT, INDIREC
      +                          T,
    42                           ; INCIDENTAL, SPECIAL, EXEMPLARY, OR CONSEQUENTIAL DAMAGES (INCLUDING BUT NOT LIMITED TO
    43                           ; PROCUREMENT OF SUBSTITUTE GOODS OR SERVICES; LOSS OF USE, DATA OR PROFITS; OR BUSINESS
    44                           ; INTERRUPTION) HOWSOEVER CAUSED AND ON ANY THEORY OF LIABILITY, WHETHER IN CONTRACT, ST
      +                          RICT
    45                           ; LIABILITY, OR TORT (INCLUDING NEGLIGENCE OR OTHERWISE) ARISING IN ANY WAY OUT OF THE U
      +                          SE OF
    46                           ; THIS SOFTWARE, EVEN IF ADVISED OF THE POSSIBILITY OF SUCH DAMAGE.
    47                           ; 
    48                           ; 
    49                           ; Code-generator required, PIC18F4620 Definitions
    50                           ; 
    51                           ; SFR Addresses
    52   000000                     
    53                           	psect	idataCOMRAM
    54   00FFA3                     __pidataCOMRAM:
    55                           	callstack 0
    56                           
    57                           ;initializer for _port_register
    58   00FFA3  80                 	db	128
    59   00FFA4  0F                 	db	15
    60   00FFA5  81                 	db	129
    61   00FFA6  0F                 	db	15
    62   00FFA7  82                 	db	130
    63   00FFA8  0F                 	db	15
    64   00FFA9  83                 	db	131
    65   00FFAA  0F                 	db	15
    66   00FFAB  84                 	db	132
    67   00FFAC  0F                 	db	15
    68                           
    69                           ;initializer for _lat_register
    70   00FFAD  89                 	db	137
    71   00FFAE  0F                 	db	15
    72   00FFAF  8A                 	db	138
    73   00FFB0  0F                 	db	15
    74   00FFB1  8B                 	db	139
    75   00FFB2  0F                 	db	15
    76   00FFB3  8C                 	db	140
    77   00FFB4  0F                 	db	15
    78   00FFB5  8D                 	db	141
    79   00FFB6  0F                 	db	15
    80                           
    81                           ;initializer for _tris_register
    82   00FFB7  92                 	db	146
    83   00FFB8  0F                 	db	15
    84   00FFB9  93                 	db	147
    85   00FFBA  0F                 	db	15
    86   00FFBB  94                 	db	148
    87   00FFBC  0F                 	db	15
    88   00FFBD  95                 	db	149
    89   00FFBE  0F                 	db	15
    90   00FFBF  96                 	db	150
    91   00FFC0  0F                 	db	15
    92                           
    93                           ;initializer for _segment_t1
    94   00FFC1  02                 	db	2
    95   00FFC2  0A                 	db	10
    96   00FFC3  12                 	db	18
    97   00FFC4  1A                 	db	26
    98   00FFC5  00                 	db	0
    99                           
   100                           ;initializer for _hour
   101   00FFC6  0A                 	db	10
   102                           
   103                           ;initializer for _min
   104   00FFC7  22                 	db	34
   105                           
   106                           ;initializer for _sec
   107   00FFC8  19                 	db	25
   108                           
   109                           ;initializer for _ret
   110   00FFC9  01                 	db	1
   111   000000                     _PORTE	set	3972
   112   000000                     _PORTD	set	3971
   113   000000                     _PORTC	set	3970
   114   000000                     _PORTB	set	3969
   115   000000                     _PORTA	set	3968
   116   000000                     _LATA	set	3977
   117   000000                     _TRISA	set	3986
   118   000000                     _TRISE	set	3990
   119   000000                     _TRISD	set	3989
   120   000000                     _TRISC	set	3988
   121   000000                     _TRISB	set	3987
   122   000000                     _LATE	set	3981
   123   000000                     _LATD	set	3980
   124   000000                     _LATC	set	3979
   125   000000                     _LATB	set	3978
   126                           
   127                           ; #config settings
   128                           
   129                           	psect	cinit
   130   00FFCA                     __pcinit:
   131                           	callstack 0
   132   00FFCA                     start_initialization:
   133                           	callstack 0
   134   00FFCA                     __initialization:
   135                           	callstack 0
   136                           
   137                           ; Initialize objects allocated to COMRAM (39 bytes)
   138                           ; load TBLPTR registers with __pidataCOMRAM
   139   00FFCA  0EA3               	movlw	low __pidataCOMRAM
   140   00FFCC  6EF6               	movwf	tblptrl,c
   141   00FFCE  0EFF               	movlw	high __pidataCOMRAM
   142   00FFD0  6EF7               	movwf	tblptrh,c
   143   00FFD2  0E00               	movlw	low (__pidataCOMRAM shr (0+16))
   144   00FFD4  6EF8               	movwf	tblptru,c
   145   00FFD6  EE00  F001         	lfsr	0,__pdataCOMRAM
   146   00FFDA  EE10 F027          	lfsr	1,39
   147   00FFDE                     copy_data0:
   148   00FFDE  0009               	tblrd		*+
   149   00FFE0  CFF5 FFEE          	movff	tablat,postinc0
   150   00FFE4  50E5               	movf	postdec1,w,c
   151   00FFE6  50E1               	movf	fsr1l,w,c
   152   00FFE8  E1FA               	bnz	copy_data0
   153                           
   154                           ; Clear objects allocated to COMRAM (15 bytes)
   155   00FFEA  EE00  F028         	lfsr	0,__pbssCOMRAM
   156   00FFEE  0E0F               	movlw	15
   157   00FFF0                     clear_0:
   158   00FFF0  6AEE               	clrf	postinc0,c
   159   00FFF2  06E8               	decf	wreg,f,c
   160   00FFF4  E1FD               	bnz	clear_0
   161   00FFF6                     end_of_initialization:
   162                           	callstack 0
   163   00FFF6                     __end_of__initialization:
   164                           	callstack 0
   165   00FFF6  0E00               	movlw	low (__Lmediumconst shr (0+16))
   166   00FFF8  6EF8               	movwf	tblptru,c
   167   00FFFA  0100               	movlb	0
   168   00FFFC  EFCB  F07F         	goto	_main	;jump to C main() function
   169                           
   170                           	psect	bssCOMRAM
   171   000028                     __pbssCOMRAM:
   172                           	callstack 0
   173   000028                     relay_turn_off@F2880:
   174                           	callstack 0
   175   000028                     	ds	1
   176   000029                     relay_turn_on@F2875:
   177                           	callstack 0
   178   000029                     	ds	1
   179   00002A                     relay_initialize@F2870:
   180                           	callstack 0
   181   00002A                     	ds	1
   182   00002B                     led_toggle_logic@F2891:
   183                           	callstack 0
   184   00002B                     	ds	1
   185   00002C                     led_turn_off@F2886:
   186                           	callstack 0
   187   00002C                     	ds	1
   188   00002D                     led_turn_on@F2881:
   189                           	callstack 0
   190   00002D                     	ds	1
   191   00002E                     led_initialize@F2876:
   192                           	callstack 0
   193   00002E                     	ds	1
   194   00002F                     Dc_motor_stop@F2900:
   195                           	callstack 0
   196   00002F                     	ds	1
   197   000030                     Dc_motor_stop@F2898:
   198                           	callstack 0
   199   000030                     	ds	1
   200   000031                     Dc_motor_turn_right@F2893:
   201                           	callstack 0
   202   000031                     	ds	1
   203   000032                     Dc_motor_turn_right@F2891:
   204                           	callstack 0
   205   000032                     	ds	1
   206   000033                     Dc_motor_turn_left@F2886:
   207                           	callstack 0
   208   000033                     	ds	1
   209   000034                     Dc_motor_turn_left@F2884:
   210                           	callstack 0
   211   000034                     	ds	1
   212   000035                     Dc_motor_initialize@F2877:
   213                           	callstack 0
   214   000035                     	ds	1
   215   000036                     Dc_motor_initialize@F2875:
   216                           	callstack 0
   217   000036                     	ds	1
   218                           
   219                           	psect	dataCOMRAM
   220   000001                     __pdataCOMRAM:
   221                           	callstack 0
   222   000001                     _port_register:
   223                           	callstack 0
   224   000001                     	ds	10
   225   00000B                     _lat_register:
   226                           	callstack 0
   227   00000B                     	ds	10
   228   000015                     _tris_register:
   229                           	callstack 0
   230   000015                     	ds	10
   231   00001F                     _segment_t1:
   232                           	callstack 0
   233   00001F                     	ds	5
   234   000024                     _hour:
   235                           	callstack 0
   236   000024                     	ds	1
   237   000025                     _min:
   238                           	callstack 0
   239   000025                     	ds	1
   240   000026                     _sec:
   241                           	callstack 0
   242   000026                     	ds	1
   243   000027                     _ret:
   244                           	callstack 0
   245   000027                     	ds	1
   246                           
   247                           	psect	cstackCOMRAM
   248   000000                     __pcstackCOMRAM:
   249                           	callstack 0
   250   000000                     
   251                           ; 2 bytes @ 0x0
   252 ;;
   253 ;;Main: autosize = 0, tempsize = 0, incstack = 0, save=0
   254 ;;
   255 ;; *************** function _main *****************
   256 ;; Defined at:
   257 ;;		line 33 in file "Application.c"
   258 ;; Parameters:    Size  Location     Type
   259 ;;		None
   260 ;; Auto vars:     Size  Location     Type
   261 ;;		None
   262 ;; Return value:  Size  Location     Type
   263 ;;                  2  264[None  ] int 
   264 ;; Registers used:
   265 ;;		cstack
   266 ;; Tracked objects:
   267 ;;		On entry : 0/0
   268 ;;		On exit  : 0/0
   269 ;;		Unchanged: 0/0
   270 ;; Data sizes:     COMRAM   BANK0   BANK1   BANK2   BANK3   BANK4   BANK5   BANK6   BANK7   BANK8   BANK9  BANK10  BANK1
      +1  BANK12  BANK13  BANK14  BANK15
   271 ;;      Params:         0       0       0       0       0       0       0       0       0       0       0       0       
      +0       0       0       0       0
   272 ;;      Locals:         0       0       0       0       0       0       0       0       0       0       0       0       
      +0       0       0       0       0
   273 ;;      Temps:          0       0       0       0       0       0       0       0       0       0       0       0       
      +0       0       0       0       0
   274 ;;      Totals:         0       0       0       0       0       0       0       0       0       0       0       0       
      +0       0       0       0       0
   275 ;;Total ram usage:        0 bytes
   276 ;; Hardware stack levels required when called: 1
   277 ;; This function calls:
   278 ;;		_Application_initialize
   279 ;; This function is called by:
   280 ;;		Startup code after reset
   281 ;; This function uses a non-reentrant model
   282 ;;
   283                           
   284                           	psect	text0
   285   00FF96                     __ptext0:
   286                           	callstack 0
   287   00FF96                     _main:
   288                           	callstack 30
   289   00FF96                     
   290                           ;Application.c: 34:     Application_initialize();
   291   00FF96  ECCA  F07F         	call	_Application_initialize	;wreg free
   292   00FF9A                     l265:
   293   00FF9A  EFCD  F07F         	goto	l265
   294   00FF9E  EF00  F000         	goto	start
   295   00FFA2                     __end_of_main:
   296                           	callstack 0
   297                           
   298 ;; *************** function _Application_initialize *****************
   299 ;; Defined at:
   300 ;;		line 72 in file "Application.c"
   301 ;; Parameters:    Size  Location     Type
   302 ;;		None
   303 ;; Auto vars:     Size  Location     Type
   304 ;;		None
   305 ;; Return value:  Size  Location     Type
   306 ;;                  1    wreg      void 
   307 ;; Registers used:
   308 ;;		None
   309 ;; Tracked objects:
   310 ;;		On entry : 0/0
   311 ;;		On exit  : 0/0
   312 ;;		Unchanged: 0/0
   313 ;; Data sizes:     COMRAM   BANK0   BANK1   BANK2   BANK3   BANK4   BANK5   BANK6   BANK7   BANK8   BANK9  BANK10  BANK1
      +1  BANK12  BANK13  BANK14  BANK15
   314 ;;      Params:         0       0       0       0       0       0       0       0       0       0       0       0       
      +0       0       0       0       0
   315 ;;      Locals:         0       0       0       0       0       0       0       0       0       0       0       0       
      +0       0       0       0       0
   316 ;;      Temps:          0       0       0       0       0       0       0       0       0       0       0       0       
      +0       0       0       0       0
   317 ;;      Totals:         0       0       0       0       0       0       0       0       0       0       0       0       
      +0       0       0       0       0
   318 ;;Total ram usage:        0 bytes
   319 ;; Hardware stack levels used: 1
   320 ;; This function calls:
   321 ;;		Nothing
   322 ;; This function is called by:
   323 ;;		_main
   324 ;; This function uses a non-reentrant model
   325 ;;
   326                           
   327                           	psect	text1
   328   00FF94                     __ptext1:
   329                           	callstack 0
   330   00FF94                     _Application_initialize:
   331                           	callstack 30
   332   00FF94  0012               	return		;funcret
   333   00FF96                     __end_of_Application_initialize:
   334                           	callstack 0
   335   000000                     
   336                           	psect	rparam
   337   000000                     
   338                           	psect	idloc
   339                           
   340                           ;Config register IDLOC0 @ 0x200000
   341                           ;	unspecified, using default values
   342   200000                     	org	2097152
   343   200000  FF                 	db	255
   344                           
   345                           ;Config register IDLOC1 @ 0x200001
   346                           ;	unspecified, using default values
   347   200001                     	org	2097153
   348   200001  FF                 	db	255
   349                           
   350                           ;Config register IDLOC2 @ 0x200002
   351                           ;	unspecified, using default values
   352   200002                     	org	2097154
   353   200002  FF                 	db	255
   354                           
   355                           ;Config register IDLOC3 @ 0x200003
   356                           ;	unspecified, using default values
   357   200003                     	org	2097155
   358   200003  FF                 	db	255
   359                           
   360                           ;Config register IDLOC4 @ 0x200004
   361                           ;	unspecified, using default values
   362   200004                     	org	2097156
   363   200004  FF                 	db	255
   364                           
   365                           ;Config register IDLOC5 @ 0x200005
   366                           ;	unspecified, using default values
   367   200005                     	org	2097157
   368   200005  FF                 	db	255
   369                           
   370                           ;Config register IDLOC6 @ 0x200006
   371                           ;	unspecified, using default values
   372   200006                     	org	2097158
   373   200006  FF                 	db	255
   374                           
   375                           ;Config register IDLOC7 @ 0x200007
   376                           ;	unspecified, using default values
   377   200007                     	org	2097159
   378   200007  FF                 	db	255
   379                           
   380                           	psect	config
   381                           
   382                           ; Padding undefined space
   383   300000                     	org	3145728
   384   300000  FF                 	db	255
   385                           
   386                           ;Config register CONFIG1H @ 0x300001
   387                           ;	Oscillator Selection bits
   388                           ;	OSC = HS, HS oscillator
   389                           ;	Fail-Safe Clock Monitor Enable bit
   390                           ;	FCMEN = OFF, Fail-Safe Clock Monitor disabled
   391                           ;	Internal/External Oscillator Switchover bit
   392                           ;	IESO = OFF, Oscillator Switchover mode disabled
   393   300001                     	org	3145729
   394   300001  02                 	db	2
   395                           
   396                           ;Config register CONFIG2L @ 0x300002
   397                           ;	Power-up Timer Enable bit
   398                           ;	PWRT = OFF, PWRT disabled
   399                           ;	Brown-out Reset Enable bits
   400                           ;	BOREN = OFF, Brown-out Reset disabled in hardware and software
   401                           ;	Brown Out Reset Voltage bits
   402                           ;	BORV = 1, 
   403   300002                     	org	3145730
   404   300002  09                 	db	9
   405                           
   406                           ;Config register CONFIG2H @ 0x300003
   407                           ;	Watchdog Timer Enable bit
   408                           ;	WDT = OFF, WDT disabled (control is placed on the SWDTEN bit)
   409                           ;	Watchdog Timer Postscale Select bits
   410                           ;	WDTPS = 32768, 1:32768
   411   300003                     	org	3145731
   412   300003  1E                 	db	30
   413                           
   414                           ; Padding undefined space
   415   300004                     	org	3145732
   416   300004  FF                 	db	255
   417                           
   418                           ;Config register CONFIG3H @ 0x300005
   419                           ;	CCP2 MUX bit
   420                           ;	CCP2MX = PORTC, CCP2 input/output is multiplexed with RC1
   421                           ;	PORTB A/D Enable bit
   422                           ;	PBADEN = ON, PORTB<4:0> pins are configured as analog input channels on Reset
   423                           ;	Low-Power Timer1 Oscillator Enable bit
   424                           ;	LPT1OSC = OFF, Timer1 configured for higher power operation
   425                           ;	MCLR Pin Enable bit
   426                           ;	MCLRE = ON, MCLR pin enabled; RE3 input pin disabled
   427   300005                     	org	3145733
   428   300005  83                 	db	131
   429                           
   430                           ;Config register CONFIG4L @ 0x300006
   431                           ;	Stack Full/Underflow Reset Enable bit
   432                           ;	STVREN = ON, Stack full/underflow will cause Reset
   433                           ;	Single-Supply ICSP Enable bit
   434                           ;	LVP = OFF, Single-Supply ICSP disabled
   435                           ;	Extended Instruction Set Enable bit
   436                           ;	XINST = OFF, Instruction set extension and Indexed Addressing mode disabled (Legacy mo
      +                          de)
   437                           ;	Background Debugger Enable bit
   438                           ;	DEBUG = 0x1, unprogrammed default
   439   300006                     	org	3145734
   440   300006  81                 	db	129
   441                           
   442                           ; Padding undefined space
   443   300007                     	org	3145735
   444   300007  FF                 	db	255
   445                           
   446                           ;Config register CONFIG5L @ 0x300008
   447                           ;	Code Protection bit
   448                           ;	CP0 = OFF, Block 0 (000800-003FFFh) not code-protected
   449                           ;	Code Protection bit
   450                           ;	CP1 = OFF, Block 1 (004000-007FFFh) not code-protected
   451                           ;	Code Protection bit
   452                           ;	CP2 = OFF, Block 2 (008000-00BFFFh) not code-protected
   453                           ;	Code Protection bit
   454                           ;	CP3 = OFF, Block 3 (00C000-00FFFFh) not code-protected
   455   300008                     	org	3145736
   456   300008  0F                 	db	15
   457                           
   458                           ;Config register CONFIG5H @ 0x300009
   459                           ;	Boot Block Code Protection bit
   460                           ;	CPB = OFF, Boot block (000000-0007FFh) not code-protected
   461                           ;	Data EEPROM Code Protection bit
   462                           ;	CPD = OFF, Data EEPROM not code-protected
   463   300009                     	org	3145737
   464   300009  C0                 	db	192
   465                           
   466                           ;Config register CONFIG6L @ 0x30000A
   467                           ;	Write Protection bit
   468                           ;	WRT0 = OFF, Block 0 (000800-003FFFh) not write-protected
   469                           ;	Write Protection bit
   470                           ;	WRT1 = OFF, Block 1 (004000-007FFFh) not write-protected
   471                           ;	Write Protection bit
   472                           ;	WRT2 = OFF, Block 2 (008000-00BFFFh) not write-protected
   473                           ;	Write Protection bit
   474                           ;	WRT3 = OFF, Block 3 (00C000-00FFFFh) not write-protected
   475   30000A                     	org	3145738
   476   30000A  0F                 	db	15
   477                           
   478                           ;Config register CONFIG6H @ 0x30000B
   479                           ;	Configuration Register Write Protection bit
   480                           ;	WRTC = OFF, Configuration registers (300000-3000FFh) not write-protected
   481                           ;	Boot Block Write Protection bit
   482                           ;	WRTB = OFF, Boot Block (000000-0007FFh) not write-protected
   483                           ;	Data EEPROM Write Protection bit
   484                           ;	WRTD = OFF, Data EEPROM not write-protected
   485   30000B                     	org	3145739
   486   30000B  E0                 	db	224
   487                           
   488                           ;Config register CONFIG7L @ 0x30000C
   489                           ;	Table Read Protection bit
   490                           ;	EBTR0 = OFF, Block 0 (000800-003FFFh) not protected from table reads executed in other
      +                           blocks
   491                           ;	Table Read Protection bit
   492                           ;	EBTR1 = OFF, Block 1 (004000-007FFFh) not protected from table reads executed in other
      +                           blocks
   493                           ;	Table Read Protection bit
   494                           ;	EBTR2 = OFF, Block 2 (008000-00BFFFh) not protected from table reads executed in other
      +                           blocks
   495                           ;	Table Read Protection bit
   496                           ;	EBTR3 = OFF, Block 3 (00C000-00FFFFh) not protected from table reads executed in other
      +                           blocks
   497   30000C                     	org	3145740
   498   30000C  0F                 	db	15
   499                           
   500                           ;Config register CONFIG7H @ 0x30000D
   501                           ;	Boot Block Table Read Protection bit
   502                           ;	EBTRB = OFF, Boot Block (000000-0007FFh) not protected from table reads executed in ot
      +                          her blocks
   503   30000D                     	org	3145741
   504   30000D  40                 	db	64
   505                           tosu	equ	0xFFF
   506                           tosh	equ	0xFFE
   507                           tosl	equ	0xFFD
   508                           stkptr	equ	0xFFC
   509                           pclatu	equ	0xFFB
   510                           pclath	equ	0xFFA
   511                           pcl	equ	0xFF9
   512                           tblptru	equ	0xFF8
   513                           tblptrh	equ	0xFF7
   514                           tblptrl	equ	0xFF6
   515                           tablat	equ	0xFF5
   516                           prodh	equ	0xFF4
   517                           prodl	equ	0xFF3
   518                           indf0	equ	0xFEF
   519                           postinc0	equ	0xFEE
   520                           postdec0	equ	0xFED
   521                           preinc0	equ	0xFEC
   522                           plusw0	equ	0xFEB
   523                           fsr0h	equ	0xFEA
   524                           fsr0l	equ	0xFE9
   525                           wreg	equ	0xFE8
   526                           indf1	equ	0xFE7
   527                           postinc1	equ	0xFE6
   528                           postdec1	equ	0xFE5
   529                           preinc1	equ	0xFE4
   530                           plusw1	equ	0xFE3
   531                           fsr1h	equ	0xFE2
   532                           fsr1l	equ	0xFE1
   533                           bsr	equ	0xFE0
   534                           indf2	equ	0xFDF
   535                           postinc2	equ	0xFDE
   536                           postdec2	equ	0xFDD
   537                           preinc2	equ	0xFDC
   538                           plusw2	equ	0xFDB
   539                           fsr2h	equ	0xFDA
   540                           fsr2l	equ	0xFD9
   541                           status	equ	0xFD8

Data Sizes:
    Strings     0
    Constant    0
    Data        39
    BSS         15
    Persistent  0
    Stack       0

Auto Spaces:
    Space          Size  Autos    Used
    COMRAM          127      0      54
    BANK0           128      0       0
    BANK1           256      0       0
    BANK2           256      0       0
    BANK3           256      0       0
    BANK4           256      0       0
    BANK5           256      0       0
    BANK6           256      0       0
    BANK7           256      0       0
    BANK8           256      0       0
    BANK9           256      0       0
    BANK10          256      0       0
    BANK11          256      0       0
    BANK12          256      0       0
    BANK13          256      0       0
    BANK14          256      0       0
    BANK15          128      0       0

Pointer List with Targets:

    port_register	PTR volatile unsigned char [5] size(2) Largest target is 1
		 -> PORTE(BITBIGSFRll[1]), PORTD(BITBIGSFRll[1]), PORTC(BITBIGSFRll[1]), PORTB(BITBIGSFRll[1]), 
		 -> PORTA(BITBIGSFRll[1]), 

    lat_register	PTR volatile unsigned char [5] size(2) Largest target is 1
		 -> LATE(BITBIGSFRlh[1]), LATD(BITBIGSFRlh[1]), LATC(BITBIGSFRlh[1]), LATB(BITBIGSFRlh[1]), 
		 -> LATA(BITBIGSFRll[1]), 

    tris_register	PTR volatile unsigned char [5] size(2) Largest target is 1
		 -> TRISE(BITBIGSFRh[1]), TRISD(BITBIGSFRh[1]), TRISC(BITBIGSFRh[1]), TRISB(BITBIGSFRh[1]), 
		 -> TRISA(BITBIGSFRll[1]), 


Critical Paths under _main in COMRAM

    None.

Critical Paths under _main in BANK0

    None.

Critical Paths under _main in BANK1

    None.

Critical Paths under _main in BANK2

    None.

Critical Paths under _main in BANK3

    None.

Critical Paths under _main in BANK4

    None.

Critical Paths under _main in BANK5

    None.

Critical Paths under _main in BANK6

    None.

Critical Paths under _main in BANK7

    None.

Critical Paths under _main in BANK8

    None.

Critical Paths under _main in BANK9

    None.

Critical Paths under _main in BANK10

    None.

Critical Paths under _main in BANK11

    None.

Critical Paths under _main in BANK12

    None.

Critical Paths under _main in BANK13

    None.

Critical Paths under _main in BANK14

    None.

Critical Paths under _main in BANK15

    None.

Call Graph Tables:

 ---------------------------------------------------------------------------------
 (Depth) Function   	        Calls       Base Space   Used Autos Params    Refs
 ---------------------------------------------------------------------------------
 (0) _main                                                 0     0      0       0
             _Application_initialize
 ---------------------------------------------------------------------------------
 (1) _Application_initialize                               0     0      0       0
 ---------------------------------------------------------------------------------
 Estimated maximum stack depth 1
 ---------------------------------------------------------------------------------

 Call Graph Graphs:

 _main (ROOT)
   _Application_initialize

 Address spaces:
Name               Size   Autos  Total    Cost      Usage
BIGRAM             F7F      0       0      40        0.0%
EEDATA             400      0       0       0        0.0%
BITBANK14          100      0       0      32        0.0%
BANK14             100      0       0      33        0.0%
BITBANK13          100      0       0      30        0.0%
BANK13             100      0       0      31        0.0%
BITBANK12          100      0       0      28        0.0%
BANK12             100      0       0      29        0.0%
BITBANK11          100      0       0      26        0.0%
BANK11             100      0       0      27        0.0%
BITBANK10          100      0       0      24        0.0%
BANK10             100      0       0      25        0.0%
BITBANK9           100      0       0      22        0.0%
BANK9              100      0       0      23        0.0%
BITBANK8           100      0       0      20        0.0%
BANK8              100      0       0      21        0.0%
BITBANK7           100      0       0      18        0.0%
BANK7              100      0       0      19        0.0%
BITBANK6           100      0       0      16        0.0%
BANK6              100      0       0      17        0.0%
BITBANK5           100      0       0      14        0.0%
BANK5              100      0       0      15        0.0%
BITBANK4           100      0       0      12        0.0%
BANK4              100      0       0      13        0.0%
BITBANK3           100      0       0      10        0.0%
BANK3              100      0       0      11        0.0%
BITBANK2           100      0       0       8        0.0%
BANK2              100      0       0       9        0.0%
BITBANK1           100      0       0       6        0.0%
BANK1              100      0       0       7        0.0%
BITBANK15           80      0       0      34        0.0%
BANK15              80      0       0      35        0.0%
BITBANK0            80      0       0       4        0.0%
BANK0               80      0       0       5        0.0%
BITCOMRAM           7F      0       0       0        0.0%
COMRAM              7F      0      36       1       42.5%
BITBIGSFRh          69      0       0      36        0.0%
BITBIGSFRlh          4      0       0      37        0.0%
BITBIGSFRll          4      0       0      38        0.0%
BIGSFR               0      0       0     200        0.0%
BITSFR               0      0       0     200        0.0%
SFR                  0      0       0     200        0.0%
STACK                0      0       0       2        0.0%
NULL                 0      0       0       0        0.0%
ABS                  0      0      36      39        0.0%
DATA                 0      0      36       3        0.0%
CODE                 0      0       0       0        0.0%


Microchip Technology PIC18 Macro Assembler V2.40 build 20220703182018 
Symbol Table                                                                                   Tue Sep 20 16:06:41 2022

                           l271 FF94                             l265 FF9A                             l266 FF9A  
                           _min 0025                             _sec 0026                             _ret 0027  
           led_initialize@F2876 002E                             wreg 000FE8           relay_initialize@F2870 002A  
                          l1389 FF96                            _LATA 000F89                            _LATB 000F8A  
                          _LATC 000F8B                            _LATD 000F8C                            _LATE 000F8D  
                          _main FF96                            _hour 0024                            fsr1l 000FE1  
                          start 0000                    ___param_bank 000000                           ?_main 0000  
           relay_turn_off@F2880 0028                           _PORTA 000F80                           _PORTB 000F81  
                         _PORTC 000F82                           _PORTD 000F83                           _PORTE 000F84  
                         _TRISA 000F92                           _TRISB 000F93                           _TRISC 000F94  
                         _TRISD 000F95                           _TRISE 000F96                           tablat 000FF5  
               __initialization FFCA                    __end_of_main FFA2                          ??_main 0000  
                 __activetblptr 000002                led_turn_on@F2881 002D                   _tris_register 0015  
       ?_Application_initialize 0000                          clear_0 FFF0                          isa$std 000001  
                  __pdataCOMRAM 0001                          tblptrh 000FF7                          tblptrl 000FF6  
                        tblptru 000FF8                      __accesstop 0080         __end_of__initialization FFF6  
                 ___rparam_used 000001                  __pcstackCOMRAM 0000  __end_of_Application_initialize FF96  
             led_turn_off@F2886 002C        Dc_motor_initialize@F2875 0036        Dc_motor_initialize@F2877 0035  
                       __Hparam 0000                         __Lparam 0000                         __pcinit FFCA  
                       __ramtop 1000                         __ptext0 FF96                         __ptext1 FF94  
          end_of_initialization FFF6                      _segment_t1 001F                   __Lmediumconst 0000  
                       postdec1 000FE5                         postinc0 000FEE              relay_turn_on@F2875 0029  
                 __pidataCOMRAM FFA3             start_initialization FFCA                    _lat_register 000B  
                   __pbssCOMRAM 0028        ??_Application_initialize 0000           led_toggle_logic@F2891 002B  
                     copy_data0 FFDE              Dc_motor_stop@F2900 002F              Dc_motor_stop@F2898 0030  
                      __Hrparam 0000                        __Lrparam 0000         Dc_motor_turn_left@F2884 0034  
       Dc_motor_turn_left@F2886 0033                        isa$xinst 000000        Dc_motor_turn_right@F2891 0032  
      Dc_motor_turn_right@F2893 0031          _Application_initialize FF94                   _port_register 0001  
